<?xml version="1.0" encoding="UTF-8"?>
<!-- Generated by org.testng.reporters.JUnitReportReporter -->
<testsuite hostname="DESKTOP-351J7U1" name="com.cucumberFramework.testRunner.TestRunner" tests="1" failures="0" timestamp="10 Apr 2020 10:01:22 GMT" time="163.852" errors="0">
  <testcase name="feature" time="163.852" classname="com.cucumberFramework.testRunner.TestRunner"/>
</testsuite> <!-- com.cucumberFramework.testRunner.TestRunner -->
